<?xml version="1.0" encoding="UTF-8"?>
<!-- Generated by org.testng.reporters.JUnitXMLReporter -->
<testsuite hostname="LAPTOP-DCN9E5KL" name="MACTEST" tests="9" failures="0" timestamp="24 Jun 2021 18:36:46 GMT" time="0.105" errors="0">
  <testcase name="@BeforeSuite OpenBroswer" time="0.0" classname="TESTCASES.Purchase_Accident_Insurance">
    <failure type="org.openqa.selenium.WebDriverException" message="Process unexpectedly closed with status 0
Build info: version: &amp;apos;3.141.59&amp;apos;, revision: &amp;apos;e82be7d358&amp;apos;, time: &amp;apos;2018-11-14T08:17:03&amp;apos;
System info: host: &amp;apos;LAPTOP-DCN9E5KL&amp;apos;, ip: &amp;apos;192.168.43.44&amp;apos;, os.name: &amp;apos;Windows 10&amp;apos;, os.arch: &amp;apos;amd64&amp;apos;, os.version: &amp;apos;10.0&amp;apos;, java.version: &amp;apos;1.8.0_291&amp;apos;
Driver info: driver.version: FirefoxDriver
remote stacktrace: ">
      <![CDATA[org.openqa.selenium.WebDriverException: Process unexpectedly closed with status 0
Build info: version: '3.141.59', revision: 'e82be7d358', time: '2018-11-14T08:17:03'
System info: host: 'LAPTOP-DCN9E5KL', ip: '192.168.43.44', os.name: 'Windows 10', os.arch: 'amd64', os.version: '10.0', java.version: '1.8.0_291'
Driver info: driver.version: FirefoxDriver
remote stacktrace: 
	at org.openqa.selenium.remote.W3CHandshakeResponse.lambda$errorHandler$0(W3CHandshakeResponse.java:62)
	at org.openqa.selenium.remote.HandshakeResponse.lambda$getResponseFunction$0(HandshakeResponse.java:30)
	at org.openqa.selenium.remote.ProtocolHandshake.lambda$createSession$0(ProtocolHandshake.java:126)
	at java.util.stream.ReferencePipeline$3$1.accept(Unknown Source)
	at java.util.Spliterators$ArraySpliterator.tryAdvance(Unknown Source)
	at java.util.stream.ReferencePipeline.forEachWithCancel(Unknown Source)
	at java.util.stream.AbstractPipeline.copyIntoWithCancel(Unknown Source)
	at java.util.stream.AbstractPipeline.copyInto(Unknown Source)
	at java.util.stream.AbstractPipeline.wrapAndCopyInto(Unknown Source)
	at java.util.stream.FindOps$FindOp.evaluateSequential(Unknown Source)
	at java.util.stream.AbstractPipeline.evaluate(Unknown Source)
	at java.util.stream.ReferencePipeline.findFirst(Unknown Source)
	at org.openqa.selenium.remote.ProtocolHandshake.createSession(ProtocolHandshake.java:128)
	at org.openqa.selenium.remote.ProtocolHandshake.createSession(ProtocolHandshake.java:74)
	at org.openqa.selenium.remote.HttpCommandExecutor.execute(HttpCommandExecutor.java:136)
	at org.openqa.selenium.remote.service.DriverCommandExecutor.execute(DriverCommandExecutor.java:83)
	at org.openqa.selenium.remote.RemoteWebDriver.execute(RemoteWebDriver.java:552)
	at org.openqa.selenium.remote.RemoteWebDriver.startSession(RemoteWebDriver.java:213)
	at org.openqa.selenium.remote.RemoteWebDriver.<init>(RemoteWebDriver.java:131)
	at org.openqa.selenium.firefox.FirefoxDriver.<init>(FirefoxDriver.java:147)
	at org.openqa.selenium.firefox.FirefoxDriver.<init>(FirefoxDriver.java:125)
	at TESTCASES.Purchase_Accident_Insurance.OpenBroswer(Purchase_Accident_Insurance.java:48)
... Removed 22 stack frames]]>
    </failure>
  </testcase> <!-- @BeforeSuite OpenBroswer -->
  <testcase name="@BeforeSuite OpenBroswer" time="0.0" classname="TESTCASES.Purchase_Accident_Insurance">
    <skipped/>
  </testcase> <!-- @BeforeSuite OpenBroswer -->
  <testcase name="@BeforeSuite OpenBroswer" time="0.0" classname="TESTCASES.Purchase_Accident_Insurance">
    <skipped/>
  </testcase> <!-- @BeforeSuite OpenBroswer -->
  <testcase name="Choose_Cancer" time="0.004" classname="TESTCASES.Purchase_Cancer_Insurance">
    <skipped/>
  </testcase> <!-- Choose_Cancer -->
  <testcase name="Get_Quote2" time="0.034" classname="TESTCASES.Purchase_Cancer_Insurance">
    <skipped/>
  </testcase> <!-- Get_Quote2 -->
  <testcase name="Customer_Registration" time="0.0" classname="TESTCASES.Purchase_Cancer_Insurance">
    <skipped/>
  </testcase> <!-- Customer_Registration -->
  <testcase name="Answer_Cancer_Questions" time="0.0" classname="TESTCASES.Purchase_Cancer_Insurance">
    <skipped/>
  </testcase> <!-- Answer_Cancer_Questions -->
  <testcase name="Checkout_From_Cart" time="0.001" classname="TESTCASES.Purchase_Cancer_Insurance">
    <skipped/>
  </testcase> <!-- Checkout_From_Cart -->
  <testcase name="Checkout_Add_BankDetails" time="0.0" classname="TESTCASES.Purchase_Cancer_Insurance">
    <skipped/>
  </testcase> <!-- Checkout_Add_BankDetails -->
  <testcase name="Checkout_FIll_Disclosures" time="0.0" classname="TESTCASES.Purchase_Cancer_Insurance">
    <skipped/>
  </testcase> <!-- Checkout_FIll_Disclosures -->
  <testcase name="Review_And_Submit" time="0.0" classname="TESTCASES.Purchase_Cancer_Insurance">
    <skipped/>
  </testcase> <!-- Review_And_Submit -->
  <testcase name="Check_Thank_You_Page" time="0.0" classname="TESTCASES.Purchase_Cancer_Insurance">
    <skipped/>
  </testcase> <!-- Check_Thank_You_Page -->
</testsuite> <!-- MACTEST -->
